[2026-04-22 07:33:05] orders.INFO: OrderSyncService::pushOrderStatusUpdates since 2026-04-22 06:33:05
[2026-04-22 07:33:08] orders.INFO: OrderSyncService::pushOrderStatusUpdates completed {"ay_orders_fetched":0,"orders_imported":0,"orders_skipped":0,"orders_failed":0,"statuses_pushed":0,"status_push_failed":0}
[2026-04-22 07:33:17] sync.INFO: ProductSyncService::syncIncremental since 2026-04-21 07:33:17
[2026-04-22 07:33:21] sync.INFO: Fetched 0 changed products
[2026-04-22 07:33:21] sync.INFO: ProductSyncService::syncStockAndPrices since 2026-04-22 05:33:21
[2026-04-22 07:33:26] orders.INFO: OrderSyncService::importNewOrders started
[2026-04-22 07:33:27] orders.INFO: Fetched 0 new orders from AboutYou
[2026-04-22 07:33:27] orders.INFO: OrderSyncService::importNewOrders completed {"ay_orders_fetched":0,"orders_imported":0,"orders_skipped":0,"orders_failed":0,"statuses_pushed":0,"status_push_failed":0}
[2026-04-22 07:33:27] orders.INFO: OrderSyncService::pushOrderStatusUpdates since 2026-04-22 06:33:27
[2026-04-22 07:33:38] orders.INFO: OrderSyncService::importNewOrders started
[2026-04-22 07:33:39] orders.INFO: Fetched 0 new orders from AboutYou
[2026-04-22 07:33:39] orders.INFO: OrderSyncService::importNewOrders completed {"ay_orders_fetched":0,"orders_imported":0,"orders_skipped":0,"orders_failed":0,"statuses_pushed":0,"status_push_failed":0}
[2026-04-24 07:31:28] sync.INFO: ProductSyncService::syncAll started
[2026-04-24 07:31:31] sync.INFO: Fetched 88 products from PrestaShop
[2026-04-24 07:31:31] sync.INFO: Processing PS#72 {"seq":1,"total":88}
[2026-04-24 07:31:32] sync.INFO: Fetching combinations PS#72
[2026-04-24 07:31:39] sync.INFO: Processing images PS#72
[2026-04-24 07:31:39] sync.INFO: Building AY payload PS#72
[2026-04-24 07:31:42] sync.WARNING: AY metadata had no explicit required groups; using local defaults fallback {"category_id":1518,"fallback_groups":10}
[2026-04-24 07:31:42] sync.WARNING: AY payload warning PS#72 {"warning":"[reason=default_fallback] Variant 11133-451 required group Multipack (id 1400) satisfied via category_default_table","reason_code":"default_fallback"}
[2026-04-24 07:31:42] sync.WARNING: AY payload warning PS#72 {"warning":"[reason=default_fallback] Variant 11133-451 required group Pattern (id 1429) satisfied via category_default_table","reason_code":"default_fallback"}
[2026-04-24 07:31:42] sync.WARNING: AY payload warning PS#72 {"warning":"[reason=default_fallback] Variant 11133-451 required group Material (id 1430) satisfied via category_default_table","reason_code":"default_fallback"}
[2026-04-24 07:31:42] sync.WARNING: AY payload warning PS#72 {"warning":"[reason=default_fallback] Variant 11133-451 required group Sleeve length (id 1432) satisfied via category_default_table","reason_code":"default_fallback"}
[2026-04-24 07:31:42] sync.WARNING: AY payload warning PS#72 {"warning":"[reason=default_fallback] Variant 11133-451 required group Length (id 1434) satisfied via category_default_table","reason_code":"default_fallback"}
[2026-04-24 07:31:42] sync.WARNING: AY payload warning PS#72 {"warning":"[reason=default_fallback] Variant 11133-451 required group Neckline (id 1435) satisfied via category_default_table","reason_code":"default_fallback"}
[2026-04-24 07:31:42] sync.WARNING: AY payload warning PS#72 {"warning":"[reason=default_fallback] Variant 11133-451 required group Details (id 1459) satisfied via category_default_table","reason_code":"default_fallback"}
[2026-04-24 07:31:42] sync.WARNING: AY payload warning PS#72 {"warning":"[reason=default_fallback] Variant 11133-451 required group Contains non-textile parts of animal origin (id 1469) satisfied via category_default_table","reason_code":"default_fallback"}
[2026-04-24 07:31:42] sync.WARNING: AY payload warning PS#72 {"warning":"[reason=default_fallback] Variant 11133-451 required group Style fit (id 1712) satisfied via category_default_table","reason_code":"default_fallback"}
[2026-04-24 07:31:42] sync.WARNING: AY payload warning PS#72 {"warning":"[reason=default_fallback] Variant 11133-451 required group Type of material (id 1717) satisfied via category_default_table","reason_code":"default_fallback"}
[2026-04-24 07:31:42] sync.WARNING: AY payload warning PS#72 {"warning":"[reason=material_fallback] Variant 11133-451 material_composition_textile uses fallback source (env_default)","reason_code":"material_fallback"}
[2026-04-24 07:31:42] sync.WARNING: AY payload warning PS#72 {"warning":"[reason=default_fallback] Variant 11133-452 required group Multipack (id 1400) satisfied via category_default_table","reason_code":"default_fallback"}
[2026-04-24 07:31:42] sync.WARNING: AY payload warning PS#72 {"warning":"[reason=default_fallback] Variant 11133-452 required group Pattern (id 1429) satisfied via category_default_table","reason_code":"default_fallback"}
[2026-04-24 07:31:42] sync.WARNING: AY payload warning PS#72 {"warning":"[reason=default_fallback] Variant 11133-452 required group Material (id 1430) satisfied via category_default_table","reason_code":"default_fallback"}
[2026-04-24 07:31:42] sync.WARNING: AY payload warning PS#72 {"warning":"[reason=default_fallback] Variant 11133-452 required group Sleeve length (id 1432) satisfied via category_default_table","reason_code":"default_fallback"}
[2026-04-24 07:31:42] sync.WARNING: AY payload warning PS#72 {"warning":"[reason=default_fallback] Variant 11133-452 required group Length (id 1434) satisfied via category_default_table","reason_code":"default_fallback"}
[2026-04-24 07:31:42] sync.WARNING: AY payload warning PS#72 {"warning":"[reason=default_fallback] Variant 11133-452 required group Neckline (id 1435) satisfied via category_default_table","reason_code":"default_fallback"}
[2026-04-24 07:31:42] sync.WARNING: AY payload warning PS#72 {"warning":"[reason=default_fallback] Variant 11133-452 required group Details (id 1459) satisfied via category_default_table","reason_code":"default_fallback"}
[2026-04-24 07:31:42] sync.WARNING: AY payload warning PS#72 {"warning":"[reason=default_fallback] Variant 11133-452 required group Contains non-textile parts of animal origin (id 1469) satisfied via category_default_table","reason_code":"default_fallback"}
[2026-04-24 07:31:42] sync.WARNING: AY payload warning PS#72 {"warning":"[reason=default_fallback] Variant 11133-452 required group Style fit (id 1712) satisfied via category_default_table","reason_code":"default_fallback"}
[2026-04-24 07:31:42] sync.WARNING: AY payload warning PS#72 {"warning":"[reason=default_fallback] Variant 11133-452 required group Type of material (id 1717) satisfied via category_default_table","reason_code":"default_fallback"}
[2026-04-24 07:31:42] sync.WARNING: AY payload warning PS#72 {"warning":"[reason=material_fallback] Variant 11133-452 material_composition_textile uses fallback source (env_default)","reason_code":"material_fallback"}
[2026-04-24 07:31:42] sync.WARNING: AY payload warning PS#72 {"warning":"[reason=default_fallback] Variant 11133-453 required group Multipack (id 1400) satisfied via category_default_table","reason_code":"default_fallback"}
[2026-04-24 07:31:42] sync.WARNING: AY payload warning PS#72 {"warning":"[reason=default_fallback] Variant 11133-453 required group Pattern (id 1429) satisfied via category_default_table","reason_code":"default_fallback"}
[2026-04-24 07:31:42] sync.WARNING: AY payload warning PS#72 {"warning":"[reason=default_fallback] Variant 11133-453 required group Material (id 1430) satisfied via category_default_table","reason_code":"default_fallback"}
[2026-04-24 07:31:42] sync.WARNING: AY payload warning PS#72 {"warning":"[reason=default_fallback] Variant 11133-453 required group Sleeve length (id 1432) satisfied via category_default_table","reason_code":"default_fallback"}
[2026-04-24 07:31:42] sync.WARNING: AY payload warning PS#72 {"warning":"[reason=default_fallback] Variant 11133-453 required group Length (id 1434) satisfied via category_default_table","reason_code":"default_fallback"}
[2026-04-24 07:31:42] sync.WARNING: AY payload warning PS#72 {"warning":"[reason=default_fallback] Variant 11133-453 required group Neckline (id 1435) satisfied via category_default_table","reason_code":"default_fallback"}
[2026-04-24 07:31:42] sync.WARNING: AY payload warning PS#72 {"warning":"[reason=default_fallback] Variant 11133-453 required group Details (id 1459) satisfied via category_default_table","reason_code":"default_fallback"}
[2026-04-24 07:31:42] sync.WARNING: AY payload warning PS#72 {"warning":"[reason=default_fallback] Variant 11133-453 required group Contains non-textile parts of animal origin (id 1469) satisfied via category_default_table","reason_code":"default_fallback"}
[2026-04-24 07:31:42] sync.WARNING: AY payload warning PS#72 {"warning":"[reason=default_fallback] Variant 11133-453 required group Style fit (id 1712) satisfied via category_default_table","reason_code":"default_fallback"}
[2026-04-24 07:31:42] sync.WARNING: AY payload warning PS#72 {"warning":"[reason=default_fallback] Variant 11133-453 required group Type of material (id 1717) satisfied via category_default_table","reason_code":"default_fallback"}
[2026-04-24 07:31:42] sync.WARNING: AY payload warning PS#72 {"warning":"[reason=material_fallback] Variant 11133-453 material_composition_textile uses fallback source (env_default)","reason_code":"material_fallback"}
[2026-04-24 07:31:42] sync.WARNING: AY payload warning PS#72 {"warning":"[reason=default_fallback] Variant 11133-454 required group Multipack (id 1400) satisfied via category_default_table","reason_code":"default_fallback"}
[2026-04-24 07:31:42] sync.WARNING: AY payload warning PS#72 {"warning":"[reason=default_fallback] Variant 11133-454 required group Pattern (id 1429) satisfied via category_default_table","reason_code":"default_fallback"}
[2026-04-24 07:31:42] sync.WARNING: AY payload warning PS#72 {"warning":"[reason=default_fallback] Variant 11133-454 required group Material (id 1430) satisfied via category_default_table","reason_code":"default_fallback"}
[2026-04-24 07:31:42] sync.WARNING: AY payload warning PS#72 {"warning":"[reason=default_fallback] Variant 11133-454 required group Sleeve length (id 1432) satisfied via category_default_table","reason_code":"default_fallback"}
[2026-04-24 07:31:42] sync.WARNING: AY payload warning PS#72 {"warning":"[reason=default_fallback] Variant 11133-454 required group Length (id 1434) satisfied via category_default_table","reason_code":"default_fallback"}
[2026-04-24 07:31:42] sync.WARNING: AY payload warning PS#72 {"warning":"[reason=default_fallback] Variant 11133-454 required group Neckline (id 1435) satisfied via category_default_table","reason_code":"default_fallback"}
[2026-04-24 07:31:42] sync.WARNING: AY payload warning PS#72 {"warning":"[reason=default_fallback] Variant 11133-454 required group Details (id 1459) satisfied via category_default_table","reason_code":"default_fallback"}
[2026-04-24 07:31:42] sync.WARNING: AY payload warning PS#72 {"warning":"[reason=default_fallback] Variant 11133-454 required group Contains non-textile parts of animal origin (id 1469) satisfied via category_default_table","reason_code":"default_fallback"}
[2026-04-24 07:31:42] sync.WARNING: AY payload warning PS#72 {"warning":"[reason=default_fallback] Variant 11133-454 required group Style fit (id 1712) satisfied via category_default_table","reason_code":"default_fallback"}
[2026-04-24 07:31:42] sync.WARNING: AY payload warning PS#72 {"warning":"[reason=default_fallback] Variant 11133-454 required group Type of material (id 1717) satisfied via category_default_table","reason_code":"default_fallback"}
[2026-04-24 07:31:42] sync.WARNING: AY payload warning PS#72 {"warning":"[reason=material_fallback] Variant 11133-454 material_composition_textile uses fallback source (env_default)","reason_code":"material_fallback"}
[2026-04-24 07:31:42] sync.WARNING: AY payload warning PS#72 {"warning":"[reason=default_fallback] Variant 11133-455 required group Multipack (id 1400) satisfied via category_default_table","reason_code":"default_fallback"}
[2026-04-24 07:31:42] sync.WARNING: AY payload warning PS#72 {"warning":"[reason=default_fallback] Variant 11133-455 required group Pattern (id 1429) satisfied via category_default_table","reason_code":"default_fallback"}
[2026-04-24 07:31:42] sync.WARNING: AY payload warning PS#72 {"warning":"[reason=default_fallback] Variant 11133-455 required group Material (id 1430) satisfied via category_default_table","reason_code":"default_fallback"}
[2026-04-24 07:31:42] sync.WARNING: AY payload warning PS#72 {"warning":"[reason=default_fallback] Variant 11133-455 required group Sleeve length (id 1432) satisfied via category_default_table","reason_code":"default_fallback"}
[2026-04-24 07:31:42] sync.WARNING: AY payload warning PS#72 {"warning":"[reason=default_fallback] Variant 11133-455 required group Length (id 1434) satisfied via category_default_table","reason_code":"default_fallback"}
[2026-04-24 07:31:42] sync.WARNING: AY payload warning PS#72 {"warning":"[reason=default_fallback] Variant 11133-455 required group Neckline (id 1435) satisfied via category_default_table","reason_code":"default_fallback"}
[2026-04-24 07:31:42] sync.WARNING: AY payload warning PS#72 {"warning":"[reason=default_fallback] Variant 11133-455 required group Details (id 1459) satisfied via category_default_table","reason_code":"default_fallback"}
[2026-04-24 07:31:42] sync.WARNING: AY payload warning PS#72 {"warning":"[reason=default_fallback] Variant 11133-455 required group Contains non-textile parts of animal origin (id 1469) satisfied via category_default_table","reason_code":"default_fallback"}
[2026-04-24 07:31:42] sync.WARNING: AY payload warning PS#72 {"warning":"[reason=default_fallback] Variant 11133-455 required group Style fit (id 1712) satisfied via category_default_table","reason_code":"default_fallback"}
[2026-04-24 07:31:42] sync.WARNING: AY payload warning PS#72 {"warning":"[reason=default_fallback] Variant 11133-455 required group Type of material (id 1717) satisfied via category_default_table","reason_code":"default_fallback"}
[2026-04-24 07:31:42] sync.WARNING: AY payload warning PS#72 {"warning":"[reason=material_fallback] Variant 11133-455 material_composition_textile uses fallback source (env_default)","reason_code":"material_fallback"}
[2026-04-24 07:31:42] sync.INFO: Preflight passed PS#72 {"elapsed_ms":40,"variant_count":5}
[2026-04-24 07:32:16] orders.INFO: OrderSyncService::importNewOrders started
[2026-04-24 07:32:16] sync.INFO: ✓ PS#72 → AY:11133 {"variants":5,"push_elapsed_ms":33680,"reason_code":"success"}
[2026-04-24 07:32:16] sync.INFO: Processing PS#75 {"seq":2,"total":88}
[2026-04-24 07:32:17] sync.INFO: Fetching combinations PS#75
[2026-04-24 07:32:17] orders.INFO: Fetched 0 new orders from AboutYou
[2026-04-24 07:32:17] orders.INFO: OrderSyncService::importNewOrders completed {"ay_orders_fetched":0,"orders_imported":0,"orders_skipped":0,"orders_failed":0,"statuses_pushed":0,"status_push_failed":0}
[2026-04-24 07:32:21] sync.INFO: Processing images PS#75
[2026-04-24 07:32:21] sync.INFO: Building AY payload PS#75
[2026-04-24 07:32:23] sync.WARNING: AY metadata had no explicit required groups; using local defaults fallback {"category_id":1518,"fallback_groups":10}
[2026-04-24 07:32:23] sync.WARNING: AY payload warning PS#75 {"warning":"[reason=default_fallback] Variant 11141-467 required group Multipack (id 1400) satisfied via category_default_table","reason_code":"default_fallback"}
[2026-04-24 07:32:23] sync.WARNING: AY payload warning PS#75 {"warning":"[reason=default_fallback] Variant 11141-467 required group Pattern (id 1429) satisfied via category_default_table","reason_code":"default_fallback"}
[2026-04-24 07:32:23] sync.WARNING: AY payload warning PS#75 {"warning":"[reason=default_fallback] Variant 11141-467 required group Material (id 1430) satisfied via category_default_table","reason_code":"default_fallback"}
[2026-04-24 07:32:23] sync.WARNING: AY payload warning PS#75 {"warning":"[reason=default_fallback] Variant 11141-467 required group Sleeve length (id 1432) satisfied via category_default_table","reason_code":"default_fallback"}
[2026-04-24 07:32:23] sync.WARNING: AY payload warning PS#75 {"warning":"[reason=default_fallback] Variant 11141-467 required group Length (id 1434) satisfied via category_default_table","reason_code":"default_fallback"}
[2026-04-24 07:32:23] sync.WARNING: AY payload warning PS#75 {"warning":"[reason=default_fallback] Variant 11141-467 required group Neckline (id 1435) satisfied via category_default_table","reason_code":"default_fallback"}
[2026-04-24 07:32:23] sync.WARNING: AY payload warning PS#75 {"warning":"[reason=default_fallback] Variant 11141-467 required group Details (id 1459) satisfied via category_default_table","reason_code":"default_fallback"}
[2026-04-24 07:32:23] sync.WARNING: AY payload warning PS#75 {"warning":"[reason=default_fallback] Variant 11141-467 required group Contains non-textile parts of animal origin (id 1469) satisfied via category_default_table","reason_code":"default_fallback"}
[2026-04-24 07:32:23] sync.WARNING: AY payload warning PS#75 {"warning":"[reason=default_fallback] Variant 11141-467 required group Style fit (id 1712) satisfied via category_default_table","reason_code":"default_fallback"}
[2026-04-24 07:32:23] sync.WARNING: AY payload warning PS#75 {"warning":"[reason=default_fallback] Variant 11141-467 required group Type of material (id 1717) satisfied via category_default_table","reason_code":"default_fallback"}
[2026-04-24 07:32:23] sync.WARNING: AY payload warning PS#75 {"warning":"[reason=material_fallback] Variant 11141-467 material_composition_textile uses fallback source (env_default)","reason_code":"material_fallback"}
[2026-04-24 07:32:23] sync.WARNING: AY payload warning PS#75 {"warning":"[reason=default_fallback] Variant 11141-468 required group Multipack (id 1400) satisfied via category_default_table","reason_code":"default_fallback"}
[2026-04-24 07:32:23] sync.WARNING: AY payload warning PS#75 {"warning":"[reason=default_fallback] Variant 11141-468 required group Pattern (id 1429) satisfied via category_default_table","reason_code":"default_fallback"}
[2026-04-24 07:32:23] sync.WARNING: AY payload warning PS#75 {"warning":"[reason=default_fallback] Variant 11141-468 required group Material (id 1430) satisfied via category_default_table","reason_code":"default_fallback"}
[2026-04-24 07:32:23] sync.WARNING: AY payload warning PS#75 {"warning":"[reason=default_fallback] Variant 11141-468 required group Sleeve length (id 1432) satisfied via category_default_table","reason_code":"default_fallback"}
[2026-04-24 07:32:23] sync.WARNING: AY payload warning PS#75 {"warning":"[reason=default_fallback] Variant 11141-468 required group Length (id 1434) satisfied via category_default_table","reason_code":"default_fallback"}
[2026-04-24 07:32:23] sync.WARNING: AY payload warning PS#75 {"warning":"[reason=default_fallback] Variant 11141-468 required group Neckline (id 1435) satisfied via category_default_table","reason_code":"default_fallback"}
[2026-04-24 07:32:23] sync.WARNING: AY payload warning PS#75 {"warning":"[reason=default_fallback] Variant 11141-468 required group Details (id 1459) satisfied via category_default_table","reason_code":"default_fallback"}
[2026-04-24 07:32:23] sync.WARNING: AY payload warning PS#75 {"warning":"[reason=default_fallback] Variant 11141-468 required group Contains non-textile parts of animal origin (id 1469) satisfied via category_default_table","reason_code":"default_fallback"}
[2026-04-24 07:32:23] sync.WARNING: AY payload warning PS#75 {"warning":"[reason=default_fallback] Variant 11141-468 required group Style fit (id 1712) satisfied via category_default_table","reason_code":"default_fallback"}
[2026-04-24 07:32:23] sync.WARNING: AY payload warning PS#75 {"warning":"[reason=default_fallback] Variant 11141-468 required group Type of material (id 1717) satisfied via category_default_table","reason_code":"default_fallback"}
[2026-04-24 07:32:23] sync.WARNING: AY payload warning PS#75 {"warning":"[reason=material_fallback] Variant 11141-468 material_composition_textile uses fallback source (env_default)","reason_code":"material_fallback"}
[2026-04-24 07:32:23] sync.WARNING: AY payload warning PS#75 {"warning":"[reason=default_fallback] Variant 11141-469 required group Multipack (id 1400) satisfied via category_default_table","reason_code":"default_fallback"}
[2026-04-24 07:32:23] sync.WARNING: AY payload warning PS#75 {"warning":"[reason=default_fallback] Variant 11141-469 required group Pattern (id 1429) satisfied via category_default_table","reason_code":"default_fallback"}
[2026-04-24 07:32:23] sync.WARNING: AY payload warning PS#75 {"warning":"[reason=default_fallback] Variant 11141-469 required group Material (id 1430) satisfied via category_default_table","reason_code":"default_fallback"}
[2026-04-24 07:32:23] sync.WARNING: AY payload warning PS#75 {"warning":"[reason=default_fallback] Variant 11141-469 required group Sleeve length (id 1432) satisfied via category_default_table","reason_code":"default_fallback"}
[2026-04-24 07:32:23] sync.WARNING: AY payload warning PS#75 {"warning":"[reason=default_fallback] Variant 11141-469 required group Length (id 1434) satisfied via category_default_table","reason_code":"default_fallback"}
[2026-04-24 07:32:23] sync.WARNING: AY payload warning PS#75 {"warning":"[reason=default_fallback] Variant 11141-469 required group Neckline (id 1435) satisfied via category_default_table","reason_code":"default_fallback"}
[2026-04-24 07:32:23] sync.WARNING: AY payload warning PS#75 {"warning":"[reason=default_fallback] Variant 11141-469 required group Details (id 1459) satisfied via category_default_table","reason_code":"default_fallback"}
[2026-04-24 07:32:23] sync.WARNING: AY payload warning PS#75 {"warning":"[reason=default_fallback] Variant 11141-469 required group Contains non-textile parts of animal origin (id 1469) satisfied via category_default_table","reason_code":"default_fallback"}
[2026-04-24 07:32:23] sync.WARNING: AY payload warning PS#75 {"warning":"[reason=default_fallback] Variant 11141-469 required group Style fit (id 1712) satisfied via category_default_table","reason_code":"default_fallback"}
[2026-04-24 07:32:23] sync.WARNING: AY payload warning PS#75 {"warning":"[reason=default_fallback] Variant 11141-469 required group Type of material (id 1717) satisfied via category_default_table","reason_code":"default_fallback"}
[2026-04-24 07:32:23] sync.WARNING: AY payload warning PS#75 {"warning":"[reason=material_fallback] Variant 11141-469 material_composition_textile uses fallback source (env_default)","reason_code":"material_fallback"}
[2026-04-24 07:32:23] sync.WARNING: AY payload warning PS#75 {"warning":"[reason=default_fallback] Variant 11141-470 required group Multipack (id 1400) satisfied via category_default_table","reason_code":"default_fallback"}
[2026-04-24 07:32:23] sync.WARNING: AY payload warning PS#75 {"warning":"[reason=default_fallback] Variant 11141-470 required group Pattern (id 1429) satisfied via category_default_table","reason_code":"default_fallback"}
[2026-04-24 07:32:23] sync.WARNING: AY payload warning PS#75 {"warning":"[reason=default_fallback] Variant 11141-470 required group Material (id 1430) satisfied via category_default_table","reason_code":"default_fallback"}
[2026-04-24 07:32:23] sync.WARNING: AY payload warning PS#75 {"warning":"[reason=default_fallback] Variant 11141-470 required group Sleeve length (id 1432) satisfied via category_default_table","reason_code":"default_fallback"}
[2026-04-24 07:32:23] sync.WARNING: AY payload warning PS#75 {"warning":"[reason=default_fallback] Variant 11141-470 required group Length (id 1434) satisfied via category_default_table","reason_code":"default_fallback"}
[2026-04-24 07:32:23] sync.WARNING: AY payload warning PS#75 {"warning":"[reason=default_fallback] Variant 11141-470 required group Neckline (id 1435) satisfied via category_default_table","reason_code":"default_fallback"}
[2026-04-24 07:32:23] sync.WARNING: AY payload warning PS#75 {"warning":"[reason=default_fallback] Variant 11141-470 required group Details (id 1459) satisfied via category_default_table","reason_code":"default_fallback"}
[2026-04-24 07:32:23] sync.WARNING: AY payload warning PS#75 {"warning":"[reason=default_fallback] Variant 11141-470 required group Contains non-textile parts of animal origin (id 1469) satisfied via category_default_table","reason_code":"default_fallback"}
[2026-04-24 07:32:23] sync.WARNING: AY payload warning PS#75 {"warning":"[reason=default_fallback] Variant 11141-470 required group Style fit (id 1712) satisfied via category_default_table","reason_code":"default_fallback"}
[2026-04-24 07:32:23] sync.WARNING: AY payload warning PS#75 {"warning":"[reason=default_fallback] Variant 11141-470 required group Type of material (id 1717) satisfied via category_default_table","reason_code":"default_fallback"}
[2026-04-24 07:32:23] sync.WARNING: AY payload warning PS#75 {"warning":"[reason=material_fallback] Variant 11141-470 material_composition_textile uses fallback source (env_default)","reason_code":"material_fallback"}
[2026-04-24 07:32:23] sync.WARNING: AY payload warning PS#75 {"warning":"[reason=default_fallback] Variant 11141-471 required group Multipack (id 1400) satisfied via category_default_table","reason_code":"default_fallback"}
[2026-04-24 07:32:23] sync.WARNING: AY payload warning PS#75 {"warning":"[reason=default_fallback] Variant 11141-471 required group Pattern (id 1429) satisfied via category_default_table","reason_code":"default_fallback"}
[2026-04-24 07:32:23] sync.WARNING: AY payload warning PS#75 {"warning":"[reason=default_fallback] Variant 11141-471 required group Material (id 1430) satisfied via category_default_table","reason_code":"default_fallback"}
[2026-04-24 07:32:23] sync.WARNING: AY payload warning PS#75 {"warning":"[reason=default_fallback] Variant 11141-471 required group Sleeve length (id 1432) satisfied via category_default_table","reason_code":"default_fallback"}
[2026-04-24 07:32:23] sync.WARNING: AY payload warning PS#75 {"warning":"[reason=default_fallback] Variant 11141-471 required group Length (id 1434) satisfied via category_default_table","reason_code":"default_fallback"}
[2026-04-24 07:32:23] sync.WARNING: AY payload warning PS#75 {"warning":"[reason=default_fallback] Variant 11141-471 required group Neckline (id 1435) satisfied via category_default_table","reason_code":"default_fallback"}
[2026-04-24 07:32:23] sync.WARNING: AY payload warning PS#75 {"warning":"[reason=default_fallback] Variant 11141-471 required group Details (id 1459) satisfied via category_default_table","reason_code":"default_fallback"}
[2026-04-24 07:32:23] sync.WARNING: AY payload warning PS#75 {"warning":"[reason=default_fallback] Variant 11141-471 required group Contains non-textile parts of animal origin (id 1469) satisfied via category_default_table","reason_code":"default_fallback"}
[2026-04-24 07:32:23] sync.WARNING: AY payload warning PS#75 {"warning":"[reason=default_fallback] Variant 11141-471 required group Style fit (id 1712) satisfied via category_default_table","reason_code":"default_fallback"}
[2026-04-24 07:32:23] sync.WARNING: AY payload warning PS#75 {"warning":"[reason=default_fallback] Variant 11141-471 required group Type of material (id 1717) satisfied via category_default_table","reason_code":"default_fallback"}
[2026-04-24 07:32:23] sync.WARNING: AY payload warning PS#75 {"warning":"[reason=material_fallback] Variant 11141-471 material_composition_textile uses fallback source (env_default)","reason_code":"material_fallback"}
[2026-04-24 07:32:23] sync.INFO: Preflight passed PS#75 {"elapsed_ms":57,"variant_count":5}
[2026-04-24 07:32:33] sync.INFO: ✓ PS#75 → AY:11141 {"variants":5,"push_elapsed_ms":9751,"reason_code":"success"}
[2026-04-24 07:32:33] sync.INFO: Processing PS#91 {"seq":3,"total":88}
[2026-04-24 07:32:34] sync.INFO: Fetching combinations PS#91
[2026-04-24 07:32:39] sync.INFO: Processing images PS#91
[2026-04-24 07:32:39] sync.INFO: Building AY payload PS#91
[2026-04-24 07:32:41] sync.WARNING: AY metadata had no explicit required groups; using local defaults fallback {"category_id":1518,"fallback_groups":10}
[2026-04-24 07:32:41] sync.WARNING: AY payload warning PS#91 {"warning":"[reason=default_fallback] Variant 10882-521 required group Multipack (id 1400) satisfied via category_default_table","reason_code":"default_fallback"}
[2026-04-24 07:32:41] sync.WARNING: AY payload warning PS#91 {"warning":"[reason=default_fallback] Variant 10882-521 required group Pattern (id 1429) satisfied via category_default_table","reason_code":"default_fallback"}
[2026-04-24 07:32:41] sync.WARNING: AY payload warning PS#91 {"warning":"[reason=default_fallback] Variant 10882-521 required group Material (id 1430) satisfied via category_default_table","reason_code":"default_fallback"}
[2026-04-24 07:32:41] sync.WARNING: AY payload warning PS#91 {"warning":"[reason=default_fallback] Variant 10882-521 required group Sleeve length (id 1432) satisfied via category_default_table","reason_code":"default_fallback"}
[2026-04-24 07:32:41] sync.WARNING: AY payload warning PS#91 {"warning":"[reason=default_fallback] Variant 10882-521 required group Length (id 1434) satisfied via category_default_table","reason_code":"default_fallback"}
[2026-04-24 07:32:41] sync.WARNING: AY payload warning PS#91 {"warning":"[reason=default_fallback] Variant 10882-521 required group Neckline (id 1435) satisfied via category_default_table","reason_code":"default_fallback"}
[2026-04-24 07:32:41] sync.WARNING: AY payload warning PS#91 {"warning":"[reason=default_fallback] Variant 10882-521 required group Details (id 1459) satisfied via category_default_table","reason_code":"default_fallback"}
[2026-04-24 07:32:41] sync.WARNING: AY payload warning PS#91 {"warning":"[reason=default_fallback] Variant 10882-521 required group Contains non-textile parts of animal origin (id 1469) satisfied via category_default_table","reason_code":"default_fallback"}
[2026-04-24 07:32:41] sync.WARNING: AY payload warning PS#91 {"warning":"[reason=default_fallback] Variant 10882-521 required group Style fit (id 1712) satisfied via category_default_table","reason_code":"default_fallback"}
[2026-04-24 07:32:41] sync.WARNING: AY payload warning PS#91 {"warning":"[reason=default_fallback] Variant 10882-521 required group Type of material (id 1717) satisfied via category_default_table","reason_code":"default_fallback"}
[2026-04-24 07:32:41] sync.WARNING: AY payload warning PS#91 {"warning":"[reason=material_fallback] Variant 10882-521 material_composition_textile uses fallback source (env_default)","reason_code":"material_fallback"}
[2026-04-24 07:32:41] sync.WARNING: AY payload warning PS#91 {"warning":"[reason=default_fallback] Variant 10882-522 required group Multipack (id 1400) satisfied via category_default_table","reason_code":"default_fallback"}
[2026-04-24 07:32:41] sync.WARNING: AY payload warning PS#91 {"warning":"[reason=default_fallback] Variant 10882-522 required group Pattern (id 1429) satisfied via category_default_table","reason_code":"default_fallback"}
[2026-04-24 07:32:41] sync.WARNING: AY payload warning PS#91 {"warning":"[reason=default_fallback] Variant 10882-522 required group Material (id 1430) satisfied via category_default_table","reason_code":"default_fallback"}
[2026-04-24 07:32:41] sync.WARNING: AY payload warning PS#91 {"warning":"[reason=default_fallback] Variant 10882-522 required group Sleeve length (id 1432) satisfied via category_default_table","reason_code":"default_fallback"}
[2026-04-24 07:32:41] sync.WARNING: AY payload warning PS#91 {"warning":"[reason=default_fallback] Variant 10882-522 required group Length (id 1434) satisfied via category_default_table","reason_code":"default_fallback"}
[2026-04-24 07:32:41] sync.WARNING: AY payload warning PS#91 {"warning":"[reason=default_fallback] Variant 10882-522 required group Neckline (id 1435) satisfied via category_default_table","reason_code":"default_fallback"}
[2026-04-24 07:32:41] sync.WARNING: AY payload warning PS#91 {"warning":"[reason=default_fallback] Variant 10882-522 required group Details (id 1459) satisfied via category_default_table","reason_code":"default_fallback"}
[2026-04-24 07:32:41] sync.WARNING: AY payload warning PS#91 {"warning":"[reason=default_fallback] Variant 10882-522 required group Contains non-textile parts of animal origin (id 1469) satisfied via category_default_table","reason_code":"default_fallback"}
[2026-04-24 07:32:41] sync.WARNING: AY payload warning PS#91 {"warning":"[reason=default_fallback] Variant 10882-522 required group Style fit (id 1712) satisfied via category_default_table","reason_code":"default_fallback"}
[2026-04-24 07:32:41] sync.WARNING: AY payload warning PS#91 {"warning":"[reason=default_fallback] Variant 10882-522 required group Type of material (id 1717) satisfied via category_default_table","reason_code":"default_fallback"}
[2026-04-24 07:32:41] sync.WARNING: AY payload warning PS#91 {"warning":"[reason=material_fallback] Variant 10882-522 material_composition_textile uses fallback source (env_default)","reason_code":"material_fallback"}
[2026-04-24 07:32:41] sync.WARNING: AY payload warning PS#91 {"warning":"[reason=default_fallback] Variant 10882-523 required group Multipack (id 1400) satisfied via category_default_table","reason_code":"default_fallback"}
[2026-04-24 07:32:41] sync.WARNING: AY payload warning PS#91 {"warning":"[reason=default_fallback] Variant 10882-523 required group Pattern (id 1429) satisfied via category_default_table","reason_code":"default_fallback"}
[2026-04-24 07:32:41] sync.WARNING: AY payload warning PS#91 {"warning":"[reason=default_fallback] Variant 10882-523 required group Material (id 1430) satisfied via category_default_table","reason_code":"default_fallback"}
[2026-04-24 07:32:41] sync.WARNING: AY payload warning PS#91 {"warning":"[reason=default_fallback] Variant 10882-523 required group Sleeve length (id 1432) satisfied via category_default_table","reason_code":"default_fallback"}
[2026-04-24 07:32:41] sync.WARNING: AY payload warning PS#91 {"warning":"[reason=default_fallback] Variant 10882-523 required group Length (id 1434) satisfied via category_default_table","reason_code":"default_fallback"}
[2026-04-24 07:32:41] sync.WARNING: AY payload warning PS#91 {"warning":"[reason=default_fallback] Variant 10882-523 required group Neckline (id 1435) satisfied via category_default_table","reason_code":"default_fallback"}
[2026-04-24 07:32:41] sync.WARNING: AY payload warning PS#91 {"warning":"[reason=default_fallback] Variant 10882-523 required group Details (id 1459) satisfied via category_default_table","reason_code":"default_fallback"}
[2026-04-24 07:32:41] sync.WARNING: AY payload warning PS#91 {"warning":"[reason=default_fallback] Variant 10882-523 required group Contains non-textile parts of animal origin (id 1469) satisfied via category_default_table","reason_code":"default_fallback"}
[2026-04-24 07:32:41] sync.WARNING: AY payload warning PS#91 {"warning":"[reason=default_fallback] Variant 10882-523 required group Style fit (id 1712) satisfied via category_default_table","reason_code":"default_fallback"}
[2026-04-24 07:32:41] sync.WARNING: AY payload warning PS#91 {"warning":"[reason=default_fallback] Variant 10882-523 required group Type of material (id 1717) satisfied via category_default_table","reason_code":"default_fallback"}
[2026-04-24 07:32:41] sync.WARNING: AY payload warning PS#91 {"warning":"[reason=material_fallback] Variant 10882-523 material_composition_textile uses fallback source (env_default)","reason_code":"material_fallback"}
[2026-04-24 07:32:41] sync.WARNING: AY payload warning PS#91 {"warning":"[reason=default_fallback] Variant 10882-524 required group Multipack (id 1400) satisfied via category_default_table","reason_code":"default_fallback"}
[2026-04-24 07:32:41] sync.WARNING: AY payload warning PS#91 {"warning":"[reason=default_fallback] Variant 10882-524 required group Pattern (id 1429) satisfied via category_default_table","reason_code":"default_fallback"}
[2026-04-24 07:32:41] sync.WARNING: AY payload warning PS#91 {"warning":"[reason=default_fallback] Variant 10882-524 required group Material (id 1430) satisfied via category_default_table","reason_code":"default_fallback"}
[2026-04-24 07:32:41] sync.WARNING: AY payload warning PS#91 {"warning":"[reason=default_fallback] Variant 10882-524 required group Sleeve length (id 1432) satisfied via category_default_table","reason_code":"default_fallback"}
[2026-04-24 07:32:41] sync.WARNING: AY payload warning PS#91 {"warning":"[reason=default_fallback] Variant 10882-524 required group Length (id 1434) satisfied via category_default_table","reason_code":"default_fallback"}
[2026-04-24 07:32:41] sync.WARNING: AY payload warning PS#91 {"warning":"[reason=default_fallback] Variant 10882-524 required group Neckline (id 1435) satisfied via category_default_table","reason_code":"default_fallback"}
[2026-04-24 07:32:41] sync.WARNING: AY payload warning PS#91 {"warning":"[reason=default_fallback] Variant 10882-524 required group Details (id 1459) satisfied via category_default_table","reason_code":"default_fallback"}
[2026-04-24 07:32:41] sync.WARNING: AY payload warning PS#91 {"warning":"[reason=default_fallback] Variant 10882-524 required group Contains non-textile parts of animal origin (id 1469) satisfied via category_default_table","reason_code":"default_fallback"}
[2026-04-24 07:32:41] sync.WARNING: AY payload warning PS#91 {"warning":"[reason=default_fallback] Variant 10882-524 required group Style fit (id 1712) satisfied via category_default_table","reason_code":"default_fallback"}
[2026-04-24 07:32:41] sync.WARNING: AY payload warning PS#91 {"warning":"[reason=default_fallback] Variant 10882-524 required group Type of material (id 1717) satisfied via category_default_table","reason_code":"default_fallback"}
[2026-04-24 07:32:41] sync.WARNING: AY payload warning PS#91 {"warning":"[reason=material_fallback] Variant 10882-524 material_composition_textile uses fallback source (env_default)","reason_code":"material_fallback"}
[2026-04-24 07:32:41] sync.WARNING: AY payload warning PS#91 {"warning":"[reason=default_fallback] Variant 10882-525 required group Multipack (id 1400) satisfied via category_default_table","reason_code":"default_fallback"}
[2026-04-24 07:32:41] sync.WARNING: AY payload warning PS#91 {"warning":"[reason=default_fallback] Variant 10882-525 required group Pattern (id 1429) satisfied via category_default_table","reason_code":"default_fallback"}
[2026-04-24 07:32:41] sync.WARNING: AY payload warning PS#91 {"warning":"[reason=default_fallback] Variant 10882-525 required group Material (id 1430) satisfied via category_default_table","reason_code":"default_fallback"}
[2026-04-24 07:32:41] sync.WARNING: AY payload warning PS#91 {"warning":"[reason=default_fallback] Variant 10882-525 required group Sleeve length (id 1432) satisfied via category_default_table","reason_code":"default_fallback"}
[2026-04-24 07:32:41] sync.WARNING: AY payload warning PS#91 {"warning":"[reason=default_fallback] Variant 10882-525 required group Length (id 1434) satisfied via category_default_table","reason_code":"default_fallback"}
[2026-04-24 07:32:41] sync.WARNING: AY payload warning PS#91 {"warning":"[reason=default_fallback] Variant 10882-525 required group Neckline (id 1435) satisfied via category_default_table","reason_code":"default_fallback"}
[2026-04-24 07:32:41] sync.WARNING: AY payload warning PS#91 {"warning":"[reason=default_fallback] Variant 10882-525 required group Details (id 1459) satisfied via category_default_table","reason_code":"default_fallback"}
[2026-04-24 07:32:41] sync.WARNING: AY payload warning PS#91 {"warning":"[reason=default_fallback] Variant 10882-525 required group Contains non-textile parts of animal origin (id 1469) satisfied via category_default_table","reason_code":"default_fallback"}
[2026-04-24 07:32:41] sync.WARNING: AY payload warning PS#91 {"warning":"[reason=default_fallback] Variant 10882-525 required group Style fit (id 1712) satisfied via category_default_table","reason_code":"default_fallback"}
[2026-04-24 07:32:41] sync.WARNING: AY payload warning PS#91 {"warning":"[reason=default_fallback] Variant 10882-525 required group Type of material (id 1717) satisfied via category_default_table","reason_code":"default_fallback"}
[2026-04-24 07:32:41] sync.WARNING: AY payload warning PS#91 {"warning":"[reason=material_fallback] Variant 10882-525 material_composition_textile uses fallback source (env_default)","reason_code":"material_fallback"}
[2026-04-24 07:32:41] sync.INFO: Preflight passed PS#91 {"elapsed_ms":68,"variant_count":5}
[2026-04-24 07:32:52] sync.INFO: ✓ PS#91 → AY:10882 {"variants":5,"push_elapsed_ms":11364,"reason_code":"success"}
[2026-04-24 07:32:52] sync.INFO: Processing PS#106 {"seq":4,"total":88}
[2026-04-24 07:32:54] sync.INFO: Fetching combinations PS#106
[2026-04-24 07:32:58] sync.INFO: Processing images PS#106
[2026-04-24 07:32:58] sync.INFO: Building AY payload PS#106
[2026-04-24 07:33:00] sync.WARNING: AY metadata had no explicit required groups; using local defaults fallback {"category_id":1518,"fallback_groups":10}
[2026-04-24 07:33:00] sync.ERROR: ✗ PS#106 validation failed {"errors":["[reason=missing_ean] Variant ps-106-369 is missing EAN","[reason=missing_ean] Variant ps-106-370 is missing EAN","[reason=missing_ean] Variant ps-106-371 is missing EAN","[reason=missing_ean] Variant ps-106-372 is missing EAN","[reason=missing_ean] Variant ps-106-373 is missing EAN","[reason=missing_ean] Variant ps-106-374 is missing EAN","[reason=no_valid_variants] No valid variants available for export"],"reason_code":"local_preflight","reason_breakdown":{"missing_ean":6,"no_valid_variants":1},"retryable":false}
[2026-04-24 07:33:00] sync.INFO: Processing PS#118 {"seq":5,"total":88}
[2026-04-24 07:33:01] sync.INFO: Fetching combinations PS#118
[2026-04-24 07:33:03] sync.INFO: Processing images PS#118
[2026-04-24 07:33:03] sync.INFO: Building AY payload PS#118
[2026-04-24 07:33:07] sync.WARNING: AY metadata had no explicit required groups; using local defaults fallback {"category_id":1518,"fallback_groups":10}
[2026-04-24 07:33:07] sync.ERROR: ✗ PS#118 validation failed {"errors":["[reason=missing_ean] Variant ps-118-118 is missing EAN","[reason=no_valid_variants] No valid variants available for export"],"reason_code":"local_preflight","reason_breakdown":{"missing_ean":1,"no_valid_variants":1},"retryable":false}
[2026-04-24 07:33:07] sync.INFO: Processing PS#142 {"seq":6,"total":88}
[2026-04-24 07:33:09] sync.INFO: Fetching combinations PS#142
[2026-04-24 07:33:13] sync.INFO: Processing images PS#142
[2026-04-24 07:33:13] sync.INFO: Building AY payload PS#142
[2026-04-24 07:33:16] sync.WARNING: AY metadata had no explicit required groups; using local defaults fallback {"category_id":1518,"fallback_groups":10}
[2026-04-24 07:33:16] sync.ERROR: ✗ PS#142 validation failed {"errors":["[reason=missing_ean] Variant 21369-410 is missing EAN","[reason=missing_ean] Variant 21369-411 is missing EAN","[reason=missing_ean] Variant 21369-412 is missing EAN","[reason=missing_ean] Variant 21369-413 is missing EAN","[reason=missing_ean] Variant 21369-414 is missing EAN","[reason=missing_ean] Variant 21369-415 is missing EAN","[reason=no_valid_variants] No valid variants available for export"],"reason_code":"local_preflight","reason_breakdown":{"missing_ean":6,"no_valid_variants":1},"retryable":false}
[2026-04-24 07:33:16] sync.INFO: Processing PS#152 {"seq":7,"total":88}
[2026-04-24 07:33:17] sync.INFO: Fetching combinations PS#152
[2026-04-24 07:33:20] sync.INFO: Processing images PS#152
[2026-04-24 07:33:20] sync.INFO: Building AY payload PS#152
[2026-04-24 07:33:22] sync.WARNING: AY metadata had no explicit required groups; using local defaults fallback {"category_id":1518,"fallback_groups":10}
[2026-04-24 07:33:22] sync.ERROR: ✗ PS#152 validation failed {"errors":["[reason=missing_ean] Variant 21358 is missing EAN","[reason=no_valid_variants] No valid variants available for export"],"reason_code":"local_preflight","reason_breakdown":{"missing_ean":1,"no_valid_variants":1},"retryable":false}
[2026-04-24 07:33:22] sync.INFO: Processing PS#154 {"seq":8,"total":88}
[2026-04-24 07:33:23] sync.INFO: Fetching combinations PS#154
[2026-04-24 07:33:27] sync.INFO: Processing images PS#154
[2026-04-24 07:33:27] sync.INFO: Building AY payload PS#154
[2026-04-24 07:33:29] sync.WARNING: AY metadata had no explicit required groups; using local defaults fallback {"category_id":1518,"fallback_groups":10}
[2026-04-24 07:33:29] sync.ERROR: ✗ PS#154 validation failed {"errors":["[reason=missing_ean] Variant 2989-437 is missing EAN","[reason=missing_ean] Variant 2989-438 is missing EAN","[reason=missing_ean] Variant 2989-439 is missing EAN","[reason=missing_ean] Variant 2989-440 is missing EAN","[reason=missing_ean] Variant 2989-441 is missing EAN","[reason=missing_ean] Variant 2989-442 is missing EAN","[reason=missing_ean] Variant 2989-443 is missing EAN","[reason=missing_ean] Variant 2989-444 is missing EAN","[reason=missing_ean] Variant 2989-445 is missing EAN","[reason=missing_ean] Variant 2989-446 is missing EAN","[reason=no_valid_variants] No valid variants available for export"],"reason_code":"local_preflight","reason_breakdown":{"missing_ean":10,"no_valid_variants":1},"retryable":false}
[2026-04-24 07:33:29] sync.INFO: Processing PS#168 {"seq":9,"total":88}
[2026-04-24 07:33:30] sync.INFO: Fetching combinations PS#168
[2026-04-24 07:33:33] sync.INFO: Processing images PS#168
[2026-04-24 07:33:33] sync.INFO: Building AY payload PS#168
[2026-04-24 07:33:35] sync.WARNING: AY metadata had no explicit required groups; using local defaults fallback {"category_id":1518,"fallback_groups":10}
[2026-04-24 07:33:35] sync.ERROR: ✗ PS#168 validation failed {"errors":["[reason=missing_ean] Variant ps-168-168 is missing EAN","[reason=no_valid_variants] No valid variants available for export"],"reason_code":"local_preflight","reason_breakdown":{"missing_ean":1,"no_valid_variants":1},"retryable":false}
[2026-04-24 07:33:35] sync.INFO: Processing PS#198 {"seq":10,"total":88}
[2026-04-24 07:33:36] sync.INFO: Fetching combinations PS#198
[2026-04-24 07:33:39] sync.INFO: Processing images PS#198
[2026-04-24 07:33:39] sync.INFO: Building AY payload PS#198
[2026-04-24 07:33:42] sync.WARNING: AY metadata had no explicit required groups; using local defaults fallback {"category_id":1518,"fallback_groups":10}
[2026-04-24 07:33:42] sync.ERROR: ✗ PS#198 validation failed {"errors":["[reason=missing_ean] Variant ps-198-198 is missing EAN","[reason=no_valid_variants] No valid variants available for export"],"reason_code":"local_preflight","reason_breakdown":{"missing_ean":1,"no_valid_variants":1},"retryable":false}
[2026-04-24 07:33:42] sync.INFO: Processing PS#200 {"seq":11,"total":88}
[2026-04-24 07:33:44] sync.INFO: Fetching combinations PS#200
[2026-04-24 07:33:47] sync.INFO: Processing images PS#200
[2026-04-24 07:33:47] sync.INFO: Building AY payload PS#200
[2026-04-24 07:33:51] sync.WARNING: AY metadata had no explicit required groups; using local defaults fallback {"category_id":1518,"fallback_groups":10}
[2026-04-24 07:33:51] sync.ERROR: ✗ PS#200 validation failed {"errors":["[reason=missing_ean] Variant 21369-937 is missing EAN","[reason=missing_ean] Variant 21369-938 is missing EAN","[reason=missing_ean] Variant 21369-939 is missing EAN","[reason=missing_ean] Variant 21369-940 is missing EAN","[reason=missing_ean] Variant 21369-941 is missing EAN","[reason=missing_ean] Variant 21369-942 is missing EAN","[reason=no_valid_variants] No valid variants available for export"],"reason_code":"local_preflight","reason_breakdown":{"missing_ean":6,"no_valid_variants":1},"retryable":false}
[2026-04-24 07:33:51] sync.INFO: Processing PS#203 {"seq":12,"total":88}
[2026-04-24 07:33:53] sync.INFO: Fetching combinations PS#203
[2026-04-24 07:33:55] sync.INFO: Processing images PS#203
[2026-04-24 07:33:55] sync.INFO: Building AY payload PS#203
[2026-04-24 07:33:58] sync.WARNING: AY metadata had no explicit required groups; using local defaults fallback {"category_id":1518,"fallback_groups":10}
[2026-04-24 07:33:58] sync.ERROR: ✗ PS#203 validation failed {"errors":["[reason=missing_ean] Variant 21327-963 is missing EAN","[reason=missing_ean] Variant 21327-964 is missing EAN","[reason=missing_ean] Variant 21327-965 is missing EAN","[reason=missing_ean] Variant 21327-966 is missing EAN","[reason=missing_ean] Variant 21327-967 is missing EAN","[reason=missing_ean] Variant 21327-968 is missing EAN","[reason=no_valid_variants] No valid variants available for export"],"reason_code":"local_preflight","reason_breakdown":{"missing_ean":6,"no_valid_variants":1},"retryable":false}
[2026-04-24 07:33:58] sync.INFO: Processing PS#205 {"seq":13,"total":88}
[2026-04-24 07:33:59] sync.INFO: Fetching combinations PS#205
[2026-04-24 07:34:01] sync.INFO: Processing images PS#205
[2026-04-24 07:34:01] sync.INFO: Building AY payload PS#205
[2026-04-24 07:34:04] sync.WARNING: AY metadata had no explicit required groups; using local defaults fallback {"category_id":1518,"fallback_groups":10}
[2026-04-24 07:34:05] sync.ERROR: ✗ PS#205 validation failed {"errors":["[reason=missing_ean] Variant 21369-978 is missing EAN","[reason=missing_ean] Variant 21369-979 is missing EAN","[reason=missing_ean] Variant 21369-980 is missing EAN","[reason=missing_ean] Variant 21369-981 is missing EAN","[reason=missing_ean] Variant 21369-982 is missing EAN","[reason=missing_ean] Variant 21369-983 is missing EAN","[reason=no_valid_variants] No valid variants available for export"],"reason_code":"local_preflight","reason_breakdown":{"missing_ean":6,"no_valid_variants":1},"retryable":false}
[2026-04-24 07:34:05] sync.INFO: Processing PS#209 {"seq":14,"total":88}
[2026-04-24 07:34:09] sync.INFO: Fetching combinations PS#209
[2026-04-24 07:34:11] sync.INFO: Processing images PS#209
[2026-04-24 07:34:11] sync.INFO: Building AY payload PS#209
[2026-04-24 07:34:14] sync.WARNING: AY metadata had no explicit required groups; using local defaults fallback {"category_id":1518,"fallback_groups":10}
[2026-04-24 07:34:14] sync.ERROR: ✗ PS#209 validation failed {"errors":["[reason=missing_ean] Variant 11534 is missing EAN","[reason=no_valid_variants] No valid variants available for export"],"reason_code":"local_preflight","reason_breakdown":{"missing_ean":1,"no_valid_variants":1},"retryable":false}
[2026-04-24 07:34:14] sync.INFO: Processing PS#210 {"seq":15,"total":88}
[2026-04-24 07:34:15] sync.INFO: Fetching combinations PS#210
[2026-04-24 07:34:19] sync.INFO: Processing images PS#210
[2026-04-24 07:34:19] sync.INFO: Building AY payload PS#210
[2026-04-24 07:34:21] sync.WARNING: AY metadata had no explicit required groups; using local defaults fallback {"category_id":1518,"fallback_groups":10}
[2026-04-24 07:34:21] sync.ERROR: ✗ PS#210 validation failed {"errors":["[reason=missing_ean] Variant ps-210-210 is missing EAN","[reason=no_valid_variants] No valid variants available for export"],"reason_code":"local_preflight","reason_breakdown":{"missing_ean":1,"no_valid_variants":1},"retryable":false}
[2026-04-24 07:34:21] sync.INFO: Processing PS#212 {"seq":16,"total":88}
[2026-04-24 07:34:23] sync.INFO: Fetching combinations PS#212
[2026-04-24 07:34:25] sync.INFO: Processing images PS#212
[2026-04-24 07:34:25] sync.INFO: Building AY payload PS#212
[2026-04-24 07:34:28] sync.WARNING: AY metadata had no explicit required groups; using local defaults fallback {"category_id":1518,"fallback_groups":10}
[2026-04-24 07:34:28] sync.ERROR: ✗ PS#212 validation failed {"errors":["[reason=missing_ean] Variant 21334 is missing EAN","[reason=no_valid_variants] No valid variants available for export"],"reason_code":"local_preflight","reason_breakdown":{"missing_ean":1,"no_valid_variants":1},"retryable":false}
[2026-04-24 07:34:28] sync.INFO: Processing PS#213 {"seq":17,"total":88}
[2026-04-24 07:34:30] sync.INFO: Fetching combinations PS#213
[2026-04-24 07:34:34] sync.INFO: Processing images PS#213
[2026-04-24 07:34:34] sync.INFO: Building AY payload PS#213
[2026-04-24 07:34:37] sync.WARNING: AY metadata had no explicit required groups; using local defaults fallback {"category_id":1518,"fallback_groups":10}
[2026-04-24 07:34:37] sync.ERROR: ✗ PS#213 validation failed {"errors":["[reason=missing_ean] Variant ps-213-213 is missing EAN","[reason=no_valid_variants] No valid variants available for export"],"reason_code":"local_preflight","reason_breakdown":{"missing_ean":1,"no_valid_variants":1},"retryable":false}
[2026-04-24 07:34:37] sync.INFO: Processing PS#217 {"seq":18,"total":88}
[2026-04-24 07:34:38] sync.INFO: Fetching combinations PS#217
[2026-04-24 07:34:41] sync.INFO: Processing images PS#217
[2026-04-24 07:34:41] sync.INFO: Building AY payload PS#217
[2026-04-24 07:34:44] sync.WARNING: AY metadata had no explicit required groups; using local defaults fallback {"category_id":1518,"fallback_groups":10}
[2026-04-24 07:34:44] sync.ERROR: ✗ PS#217 validation failed {"errors":["[reason=missing_ean] Variant ps-217-217 is missing EAN","[reason=no_valid_variants] No valid variants available for export"],"reason_code":"local_preflight","reason_breakdown":{"missing_ean":1,"no_valid_variants":1},"retryable":false}
[2026-04-24 07:34:44] sync.INFO: Processing PS#63 {"seq":19,"total":88}
[2026-04-24 07:34:45] sync.INFO: Fetching combinations PS#63
[2026-04-24 07:34:48] sync.INFO: Processing images PS#63
[2026-04-24 07:34:48] sync.INFO: Building AY payload PS#63
[2026-04-24 07:34:50] sync.WARNING: AY metadata had no explicit required groups; using local defaults fallback {"category_id":1518,"fallback_groups":10}
[2026-04-24 07:34:50] sync.ERROR: ✗ PS#63 validation failed {"errors":["[reason=missing_ean] Variant 21327-345 is missing EAN","[reason=missing_ean] Variant 21327-348 is missing EAN","[reason=missing_ean] Variant 21327-416 is missing EAN","[reason=missing_ean] Variant 21327-417 is missing EAN","[reason=missing_ean] Variant 21327-418 is missing EAN","[reason=missing_ean] Variant 21327-419 is missing EAN","[reason=no_valid_variants] No valid variants available for export"],"reason_code":"local_preflight","reason_breakdown":{"missing_ean":6,"no_valid_variants":1},"retryable":false}
[2026-04-24 07:34:50] sync.INFO: Processing PS#73 {"seq":20,"total":88}
[2026-04-24 07:34:52] sync.INFO: Fetching combinations PS#73
[2026-04-24 07:34:55] sync.INFO: Processing images PS#73
[2026-04-24 07:34:55] sync.INFO: Building AY payload PS#73
[2026-04-24 07:34:59] sync.WARNING: AY metadata had no explicit required groups; using local defaults fallback {"category_id":1518,"fallback_groups":10}
[2026-04-24 07:34:59] sync.WARNING: AY payload warning PS#73 {"warning":"[reason=default_fallback] Variant 11119-457 required group Multipack (id 1400) satisfied via category_default_table","reason_code":"default_fallback"}
[2026-04-24 07:34:59] sync.WARNING: AY payload warning PS#73 {"warning":"[reason=default_fallback] Variant 11119-457 required group Pattern (id 1429) satisfied via category_default_table","reason_code":"default_fallback"}
[2026-04-24 07:34:59] sync.WARNING: AY payload warning PS#73 {"warning":"[reason=default_fallback] Variant 11119-457 required group Material (id 1430) satisfied via category_default_table","reason_code":"default_fallback"}
[2026-04-24 07:34:59] sync.WARNING: AY payload warning PS#73 {"warning":"[reason=default_fallback] Variant 11119-457 required group Sleeve length (id 1432) satisfied via category_default_table","reason_code":"default_fallback"}
[2026-04-24 07:34:59] sync.WARNING: AY payload warning PS#73 {"warning":"[reason=default_fallback] Variant 11119-457 required group Length (id 1434) satisfied via category_default_table","reason_code":"default_fallback"}
[2026-04-24 07:34:59] sync.WARNING: AY payload warning PS#73 {"warning":"[reason=default_fallback] Variant 11119-457 required group Neckline (id 1435) satisfied via category_default_table","reason_code":"default_fallback"}
[2026-04-24 07:34:59] sync.WARNING: AY payload warning PS#73 {"warning":"[reason=default_fallback] Variant 11119-457 required group Details (id 1459) satisfied via category_default_table","reason_code":"default_fallback"}
[2026-04-24 07:34:59] sync.WARNING: AY payload warning PS#73 {"warning":"[reason=default_fallback] Variant 11119-457 required group Contains non-textile parts of animal origin (id 1469) satisfied via category_default_table","reason_code":"default_fallback"}
[2026-04-24 07:34:59] sync.WARNING: AY payload warning PS#73 {"warning":"[reason=default_fallback] Variant 11119-457 required group Style fit (id 1712) satisfied via category_default_table","reason_code":"default_fallback"}
[2026-04-24 07:34:59] sync.WARNING: AY payload warning PS#73 {"warning":"[reason=default_fallback] Variant 11119-457 required group Type of material (id 1717) satisfied via category_default_table","reason_code":"default_fallback"}
[2026-04-24 07:34:59] sync.WARNING: AY payload warning PS#73 {"warning":"[reason=material_fallback] Variant 11119-457 material_composition_textile uses fallback source (env_default)","reason_code":"material_fallback"}
[2026-04-24 07:34:59] sync.WARNING: AY payload warning PS#73 {"warning":"[reason=default_fallback] Variant 11119-458 required group Multipack (id 1400) satisfied via category_default_table","reason_code":"default_fallback"}
[2026-04-24 07:34:59] sync.WARNING: AY payload warning PS#73 {"warning":"[reason=default_fallback] Variant 11119-458 required group Pattern (id 1429) satisfied via category_default_table","reason_code":"default_fallback"}
[2026-04-24 07:34:59] sync.WARNING: AY payload warning PS#73 {"warning":"[reason=default_fallback] Variant 11119-458 required group Material (id 1430) satisfied via category_default_table","reason_code":"default_fallback"}
[2026-04-24 07:34:59] sync.WARNING: AY payload warning PS#73 {"warning":"[reason=default_fallback] Variant 11119-458 required group Sleeve length (id 1432) satisfied via category_default_table","reason_code":"default_fallback"}
[2026-04-24 07:34:59] sync.WARNING: AY payload warning PS#73 {"warning":"[reason=default_fallback] Variant 11119-458 required group Length (id 1434) satisfied via category_default_table","reason_code":"default_fallback"}
[2026-04-24 07:34:59] sync.WARNING: AY payload warning PS#73 {"warning":"[reason=default_fallback] Variant 11119-458 required group Neckline (id 1435) satisfied via category_default_table","reason_code":"default_fallback"}
[2026-04-24 07:34:59] sync.WARNING: AY payload warning PS#73 {"warning":"[reason=default_fallback] Variant 11119-458 required group Details (id 1459) satisfied via category_default_table","reason_code":"default_fallback"}
[2026-04-24 07:34:59] sync.WARNING: AY payload warning PS#73 {"warning":"[reason=default_fallback] Variant 11119-458 required group Contains non-textile parts of animal origin (id 1469) satisfied via category_default_table","reason_code":"default_fallback"}
[2026-04-24 07:34:59] sync.WARNING: AY payload warning PS#73 {"warning":"[reason=default_fallback] Variant 11119-458 required group Style fit (id 1712) satisfied via category_default_table","reason_code":"default_fallback"}
[2026-04-24 07:34:59] sync.WARNING: AY payload warning PS#73 {"warning":"[reason=default_fallback] Variant 11119-458 required group Type of material (id 1717) satisfied via category_default_table","reason_code":"default_fallback"}
[2026-04-24 07:34:59] sync.WARNING: AY payload warning PS#73 {"warning":"[reason=material_fallback] Variant 11119-458 material_composition_textile uses fallback source (env_default)","reason_code":"material_fallback"}
[2026-04-24 07:34:59] sync.WARNING: AY payload warning PS#73 {"warning":"[reason=default_fallback] Variant 11119-459 required group Multipack (id 1400) satisfied via category_default_table","reason_code":"default_fallback"}
[2026-04-24 07:34:59] sync.WARNING: AY payload warning PS#73 {"warning":"[reason=default_fallback] Variant 11119-459 required group Pattern (id 1429) satisfied via category_default_table","reason_code":"default_fallback"}
[2026-04-24 07:34:59] sync.WARNING: AY payload warning PS#73 {"warning":"[reason=default_fallback] Variant 11119-459 required group Material (id 1430) satisfied via category_default_table","reason_code":"default_fallback"}
[2026-04-24 07:34:59] sync.WARNING: AY payload warning PS#73 {"warning":"[reason=default_fallback] Variant 11119-459 required group Sleeve length (id 1432) satisfied via category_default_table","reason_code":"default_fallback"}
[2026-04-24 07:34:59] sync.WARNING: AY payload warning PS#73 {"warning":"[reason=default_fallback] Variant 11119-459 required group Length (id 1434) satisfied via category_default_table","reason_code":"default_fallback"}
[2026-04-24 07:34:59] sync.WARNING: AY payload warning PS#73 {"warning":"[reason=default_fallback] Variant 11119-459 required group Neckline (id 1435) satisfied via category_default_table","reason_code":"default_fallback"}
[2026-04-24 07:34:59] sync.WARNING: AY payload warning PS#73 {"warning":"[reason=default_fallback] Variant 11119-459 required group Details (id 1459) satisfied via category_default_table","reason_code":"default_fallback"}
[2026-04-24 07:34:59] sync.WARNING: AY payload warning PS#73 {"warning":"[reason=default_fallback] Variant 11119-459 required group Contains non-textile parts of animal origin (id 1469) satisfied via category_default_table","reason_code":"default_fallback"}
[2026-04-24 07:34:59] sync.WARNING: AY payload warning PS#73 {"warning":"[reason=default_fallback] Variant 11119-459 required group Style fit (id 1712) satisfied via category_default_table","reason_code":"default_fallback"}
[2026-04-24 07:34:59] sync.WARNING: AY payload warning PS#73 {"warning":"[reason=default_fallback] Variant 11119-459 required group Type of material (id 1717) satisfied via category_default_table","reason_code":"default_fallback"}
[2026-04-24 07:34:59] sync.WARNING: AY payload warning PS#73 {"warning":"[reason=material_fallback] Variant 11119-459 material_composition_textile uses fallback source (env_default)","reason_code":"material_fallback"}
[2026-04-24 07:34:59] sync.WARNING: AY payload warning PS#73 {"warning":"[reason=default_fallback] Variant 11119-460 required group Multipack (id 1400) satisfied via category_default_table","reason_code":"default_fallback"}
[2026-04-24 07:34:59] sync.WARNING: AY payload warning PS#73 {"warning":"[reason=default_fallback] Variant 11119-460 required group Pattern (id 1429) satisfied via category_default_table","reason_code":"default_fallback"}
[2026-04-24 07:34:59] sync.WARNING: AY payload warning PS#73 {"warning":"[reason=default_fallback] Variant 11119-460 required group Material (id 1430) satisfied via category_default_table","reason_code":"default_fallback"}
[2026-04-24 07:34:59] sync.WARNING: AY payload warning PS#73 {"warning":"[reason=default_fallback] Variant 11119-460 required group Sleeve length (id 1432) satisfied via category_default_table","reason_code":"default_fallback"}
[2026-04-24 07:34:59] sync.WARNING: AY payload warning PS#73 {"warning":"[reason=default_fallback] Variant 11119-460 required group Length (id 1434) satisfied via category_default_table","reason_code":"default_fallback"}
[2026-04-24 07:34:59] sync.WARNING: AY payload warning PS#73 {"warning":"[reason=default_fallback] Variant 11119-460 required group Neckline (id 1435) satisfied via category_default_table","reason_code":"default_fallback"}
[2026-04-24 07:34:59] sync.WARNING: AY payload warning PS#73 {"warning":"[reason=default_fallback] Variant 11119-460 required group Details (id 1459) satisfied via category_default_table","reason_code":"default_fallback"}
[2026-04-24 07:34:59] sync.WARNING: AY payload warning PS#73 {"warning":"[reason=default_fallback] Variant 11119-460 required group Contains non-textile parts of animal origin (id 1469) satisfied via category_default_table","reason_code":"default_fallback"}
[2026-04-24 07:34:59] sync.WARNING: AY payload warning PS#73 {"warning":"[reason=default_fallback] Variant 11119-460 required group Style fit (id 1712) satisfied via category_default_table","reason_code":"default_fallback"}
[2026-04-24 07:34:59] sync.WARNING: AY payload warning PS#73 {"warning":"[reason=default_fallback] Variant 11119-460 required group Type of material (id 1717) satisfied via category_default_table","reason_code":"default_fallback"}
[2026-04-24 07:34:59] sync.WARNING: AY payload warning PS#73 {"warning":"[reason=material_fallback] Variant 11119-460 material_composition_textile uses fallback source (env_default)","reason_code":"material_fallback"}
[2026-04-24 07:34:59] sync.WARNING: AY payload warning PS#73 {"warning":"[reason=default_fallback] Variant 11119-461 required group Multipack (id 1400) satisfied via category_default_table","reason_code":"default_fallback"}
[2026-04-24 07:34:59] sync.WARNING: AY payload warning PS#73 {"warning":"[reason=default_fallback] Variant 11119-461 required group Pattern (id 1429) satisfied via category_default_table","reason_code":"default_fallback"}
[2026-04-24 07:34:59] sync.WARNING: AY payload warning PS#73 {"warning":"[reason=default_fallback] Variant 11119-461 required group Material (id 1430) satisfied via category_default_table","reason_code":"default_fallback"}
[2026-04-24 07:34:59] sync.WARNING: AY payload warning PS#73 {"warning":"[reason=default_fallback] Variant 11119-461 required group Sleeve length (id 1432) satisfied via category_default_table","reason_code":"default_fallback"}
[2026-04-24 07:34:59] sync.WARNING: AY payload warning PS#73 {"warning":"[reason=default_fallback] Variant 11119-461 required group Length (id 1434) satisfied via category_default_table","reason_code":"default_fallback"}
[2026-04-24 07:34:59] sync.WARNING: AY payload warning PS#73 {"warning":"[reason=default_fallback] Variant 11119-461 required group Neckline (id 1435) satisfied via category_default_table","reason_code":"default_fallback"}
[2026-04-24 07:34:59] sync.WARNING: AY payload warning PS#73 {"warning":"[reason=default_fallback] Variant 11119-461 required group Details (id 1459) satisfied via category_default_table","reason_code":"default_fallback"}
[2026-04-24 07:34:59] sync.WARNING: AY payload warning PS#73 {"warning":"[reason=default_fallback] Variant 11119-461 required group Contains non-textile parts of animal origin (id 1469) satisfied via category_default_table","reason_code":"default_fallback"}
[2026-04-24 07:34:59] sync.WARNING: AY payload warning PS#73 {"warning":"[reason=default_fallback] Variant 11119-461 required group Style fit (id 1712) satisfied via category_default_table","reason_code":"default_fallback"}
[2026-04-24 07:34:59] sync.WARNING: AY payload warning PS#73 {"warning":"[reason=default_fallback] Variant 11119-461 required group Type of material (id 1717) satisfied via category_default_table","reason_code":"default_fallback"}
[2026-04-24 07:34:59] sync.WARNING: AY payload warning PS#73 {"warning":"[reason=material_fallback] Variant 11119-461 material_composition_textile uses fallback source (env_default)","reason_code":"material_fallback"}
[2026-04-24 07:34:59] sync.INFO: Preflight passed PS#73 {"elapsed_ms":25,"variant_count":5}
[2026-04-24 07:35:09] sync.ERROR: AY push failed PS#73 {"error":"EAN already exists for product with style key '11133'","reason_code":"ay_unknown","retryable":true,"hint":"Check transport and payload details; retry if transient."}
[2026-04-24 07:35:09] sync.ERROR: AY push failed PS#73 {"error":"Invalid image URL for 'https:\/\/scr-wear.com\/api\/images\/products\/73\/1538?ws_key=ObadaTeastAPI0096394785749032271': Image minimum resolution is 1125x1500.; Invalid image URL for 'https:\/\/scr-wear.com\/api\/images\/products\/73\/1540?ws_key=ObadaTeastAPI0096394785749032271': Image minimum resolution is 1125x1500.; Invalid image URL for 'https:\/\/scr-wear.com\/api\/images\/products\/73\/1535?ws_key=ObadaTeastAPI0096394785749032271': Image minimum resolution is 1125x1500.; Invalid image URL for 'https:\/\/scr-wear.com\/api\/images\/products\/73\/1539?ws_key=ObadaTeastAPI0096394785749032271': Image minimum resolution is 1125x1500.; Invalid image URL for 'https:\/\/scr-wear.com\/api\/images\/products\/73\/1541?ws_key=ObadaTeastAPI0096394785749032271': Image minimum resolution is 1125x1500.","reason_code":"ay_validation","retryable":false,"hint":"Inspect required fields and payload schema for this endpoint."}
[2026-04-24 07:35:09] sync.ERROR: AY push failed PS#73 {"error":"Invalid image URL for 'https:\/\/scr-wear.com\/api\/images\/products\/73\/1538?ws_key=ObadaTeastAPI0096394785749032271': Image minimum resolution is 1125x1500.; Invalid image URL for 'https:\/\/scr-wear.com\/api\/images\/products\/73\/1540?ws_key=ObadaTeastAPI0096394785749032271': Image minimum resolution is 1125x1500.; Invalid image URL for 'https:\/\/scr-wear.com\/api\/images\/products\/73\/1535?ws_key=ObadaTeastAPI0096394785749032271': Image minimum resolution is 1125x1500.; Invalid image URL for 'https:\/\/scr-wear.com\/api\/images\/products\/73\/1539?ws_key=ObadaTeastAPI0096394785749032271': Image minimum resolution is 1125x1500.; Invalid image URL for 'https:\/\/scr-wear.com\/api\/images\/products\/73\/1541?ws_key=ObadaTeastAPI0096394785749032271': Image minimum resolution is 1125x1500.","reason_code":"ay_validation","retryable":false,"hint":"Inspect required fields and payload schema for this endpoint."}
[2026-04-24 07:35:09] sync.ERROR: AY push failed PS#73 {"error":"Invalid image URL for 'https:\/\/scr-wear.com\/api\/images\/products\/73\/1538?ws_key=ObadaTeastAPI0096394785749032271': Image minimum resolution is 1125x1500.; Invalid image URL for 'https:\/\/scr-wear.com\/api\/images\/products\/73\/1540?ws_key=ObadaTeastAPI0096394785749032271': Image minimum resolution is 1125x1500.; Invalid image URL for 'https:\/\/scr-wear.com\/api\/images\/products\/73\/1535?ws_key=ObadaTeastAPI0096394785749032271': Image minimum resolution is 1125x1500.; Invalid image URL for 'https:\/\/scr-wear.com\/api\/images\/products\/73\/1539?ws_key=ObadaTeastAPI0096394785749032271': Image minimum resolution is 1125x1500.; Invalid image URL for 'https:\/\/scr-wear.com\/api\/images\/products\/73\/1541?ws_key=ObadaTeastAPI0096394785749032271': Image minimum resolution is 1125x1500.","reason_code":"ay_validation","retryable":false,"hint":"Inspect required fields and payload schema for this endpoint."}
[2026-04-24 07:35:09] sync.ERROR: AY push failed PS#73 {"error":"Invalid image URL for 'https:\/\/scr-wear.com\/api\/images\/products\/73\/1538?ws_key=ObadaTeastAPI0096394785749032271': Image minimum resolution is 1125x1500.; Invalid image URL for 'https:\/\/scr-wear.com\/api\/images\/products\/73\/1540?ws_key=ObadaTeastAPI0096394785749032271': Image minimum resolution is 1125x1500.; Invalid image URL for 'https:\/\/scr-wear.com\/api\/images\/products\/73\/1535?ws_key=ObadaTeastAPI0096394785749032271': Image minimum resolution is 1125x1500.; Invalid image URL for 'https:\/\/scr-wear.com\/api\/images\/products\/73\/1539?ws_key=ObadaTeastAPI0096394785749032271': Image minimum resolution is 1125x1500.; Invalid image URL for 'https:\/\/scr-wear.com\/api\/images\/products\/73\/1541?ws_key=ObadaTeastAPI0096394785749032271': Image minimum resolution is 1125x1500.","reason_code":"ay_validation","retryable":false,"hint":"Inspect required fields and payload schema for this endpoint."}
[2026-04-24 07:35:09] sync.ERROR: AY push failed PS#73 {"error":"Product master not found. Please make sure a master with the style key exists.","reason_code":"ay_unknown","retryable":true,"hint":"Check transport and payload details; retry if transient."}
[2026-04-24 07:35:09] sync.INFO: Processing PS#74 {"seq":21,"total":88}
[2026-04-24 07:35:10] sync.INFO: Fetching combinations PS#74
[2026-04-24 07:35:14] sync.INFO: Processing images PS#74
[2026-04-24 07:35:14] sync.INFO: Building AY payload PS#74
[2026-04-24 07:35:18] sync.WARNING: AY metadata had no explicit required groups; using local defaults fallback {"category_id":1518,"fallback_groups":10}
[2026-04-24 07:35:19] sync.WARNING: AY payload warning PS#74 {"warning":"[reason=default_fallback] Variant 11306-462 required group Multipack (id 1400) satisfied via category_default_table","reason_code":"default_fallback"}
[2026-04-24 07:35:19] sync.WARNING: AY payload warning PS#74 {"warning":"[reason=default_fallback] Variant 11306-462 required group Pattern (id 1429) satisfied via category_default_table","reason_code":"default_fallback"}
[2026-04-24 07:35:19] sync.WARNING: AY payload warning PS#74 {"warning":"[reason=default_fallback] Variant 11306-462 required group Material (id 1430) satisfied via category_default_table","reason_code":"default_fallback"}
[2026-04-24 07:35:19] sync.WARNING: AY payload warning PS#74 {"warning":"[reason=default_fallback] Variant 11306-462 required group Sleeve length (id 1432) satisfied via category_default_table","reason_code":"default_fallback"}
[2026-04-24 07:35:19] sync.WARNING: AY payload warning PS#74 {"warning":"[reason=default_fallback] Variant 11306-462 required group Length (id 1434) satisfied via category_default_table","reason_code":"default_fallback"}
[2026-04-24 07:35:19] sync.WARNING: AY payload warning PS#74 {"warning":"[reason=default_fallback] Variant 11306-462 required group Neckline (id 1435) satisfied via category_default_table","reason_code":"default_fallback"}
[2026-04-24 07:35:19] sync.WARNING: AY payload warning PS#74 {"warning":"[reason=default_fallback] Variant 11306-462 required group Details (id 1459) satisfied via category_default_table","reason_code":"default_fallback"}
[2026-04-24 07:35:19] sync.WARNING: AY payload warning PS#74 {"warning":"[reason=default_fallback] Variant 11306-462 required group Contains non-textile parts of animal origin (id 1469) satisfied via category_default_table","reason_code":"default_fallback"}
[2026-04-24 07:35:19] sync.WARNING: AY payload warning PS#74 {"warning":"[reason=default_fallback] Variant 11306-462 required group Style fit (id 1712) satisfied via category_default_table","reason_code":"default_fallback"}
[2026-04-24 07:35:19] sync.WARNING: AY payload warning PS#74 {"warning":"[reason=default_fallback] Variant 11306-462 required group Type of material (id 1717) satisfied via category_default_table","reason_code":"default_fallback"}
[2026-04-24 07:35:19] sync.WARNING: AY payload warning PS#74 {"warning":"[reason=material_fallback] Variant 11306-462 material_composition_textile uses fallback source (env_default)","reason_code":"material_fallback"}
[2026-04-24 07:35:19] sync.WARNING: AY payload warning PS#74 {"warning":"[reason=default_fallback] Variant 11306-463 required group Multipack (id 1400) satisfied via category_default_table","reason_code":"default_fallback"}
[2026-04-24 07:35:19] sync.WARNING: AY payload warning PS#74 {"warning":"[reason=default_fallback] Variant 11306-463 required group Pattern (id 1429) satisfied via category_default_table","reason_code":"default_fallback"}
[2026-04-24 07:35:19] sync.WARNING: AY payload warning PS#74 {"warning":"[reason=default_fallback] Variant 11306-463 required group Material (id 1430) satisfied via category_default_table","reason_code":"default_fallback"}
[2026-04-24 07:35:19] sync.WARNING: AY payload warning PS#74 {"warning":"[reason=default_fallback] Variant 11306-463 required group Sleeve length (id 1432) satisfied via category_default_table","reason_code":"default_fallback"}
[2026-04-24 07:35:19] sync.WARNING: AY payload warning PS#74 {"warning":"[reason=default_fallback] Variant 11306-463 required group Length (id 1434) satisfied via category_default_table","reason_code":"default_fallback"}
[2026-04-24 07:35:19] sync.WARNING: AY payload warning PS#74 {"warning":"[reason=default_fallback] Variant 11306-463 required group Neckline (id 1435) satisfied via category_default_table","reason_code":"default_fallback"}
[2026-04-24 07:35:19] sync.WARNING: AY payload warning PS#74 {"warning":"[reason=default_fallback] Variant 11306-463 required group Details (id 1459) satisfied via category_default_table","reason_code":"default_fallback"}
[2026-04-24 07:35:19] sync.WARNING: AY payload warning PS#74 {"warning":"[reason=default_fallback] Variant 11306-463 required group Contains non-textile parts of animal origin (id 1469) satisfied via category_default_table","reason_code":"default_fallback"}
[2026-04-24 07:35:19] sync.WARNING: AY payload warning PS#74 {"warning":"[reason=default_fallback] Variant 11306-463 required group Style fit (id 1712) satisfied via category_default_table","reason_code":"default_fallback"}
[2026-04-24 07:35:19] sync.WARNING: AY payload warning PS#74 {"warning":"[reason=default_fallback] Variant 11306-463 required group Type of material (id 1717) satisfied via category_default_table","reason_code":"default_fallback"}
[2026-04-24 07:35:19] sync.WARNING: AY payload warning PS#74 {"warning":"[reason=material_fallback] Variant 11306-463 material_composition_textile uses fallback source (env_default)","reason_code":"material_fallback"}
[2026-04-24 07:35:19] sync.WARNING: AY payload warning PS#74 {"warning":"[reason=default_fallback] Variant 11306-464 required group Multipack (id 1400) satisfied via category_default_table","reason_code":"default_fallback"}
[2026-04-24 07:35:19] sync.WARNING: AY payload warning PS#74 {"warning":"[reason=default_fallback] Variant 11306-464 required group Pattern (id 1429) satisfied via category_default_table","reason_code":"default_fallback"}
[2026-04-24 07:35:19] sync.WARNING: AY payload warning PS#74 {"warning":"[reason=default_fallback] Variant 11306-464 required group Material (id 1430) satisfied via category_default_table","reason_code":"default_fallback"}
[2026-04-24 07:35:19] sync.WARNING: AY payload warning PS#74 {"warning":"[reason=default_fallback] Variant 11306-464 required group Sleeve length (id 1432) satisfied via category_default_table","reason_code":"default_fallback"}
[2026-04-24 07:35:19] sync.WARNING: AY payload warning PS#74 {"warning":"[reason=default_fallback] Variant 11306-464 required group Length (id 1434) satisfied via category_default_table","reason_code":"default_fallback"}
[2026-04-24 07:35:19] sync.WARNING: AY payload warning PS#74 {"warning":"[reason=default_fallback] Variant 11306-464 required group Neckline (id 1435) satisfied via category_default_table","reason_code":"default_fallback"}
[2026-04-24 07:35:19] sync.WARNING: AY payload warning PS#74 {"warning":"[reason=default_fallback] Variant 11306-464 required group Details (id 1459) satisfied via category_default_table","reason_code":"default_fallback"}
[2026-04-24 07:35:19] sync.WARNING: AY payload warning PS#74 {"warning":"[reason=default_fallback] Variant 11306-464 required group Contains non-textile parts of animal origin (id 1469) satisfied via category_default_table","reason_code":"default_fallback"}
[2026-04-24 07:35:19] sync.WARNING: AY payload warning PS#74 {"warning":"[reason=default_fallback] Variant 11306-464 required group Style fit (id 1712) satisfied via category_default_table","reason_code":"default_fallback"}
[2026-04-24 07:35:19] sync.WARNING: AY payload warning PS#74 {"warning":"[reason=default_fallback] Variant 11306-464 required group Type of material (id 1717) satisfied via category_default_table","reason_code":"default_fallback"}
[2026-04-24 07:35:19] sync.WARNING: AY payload warning PS#74 {"warning":"[reason=material_fallback] Variant 11306-464 material_composition_textile uses fallback source (env_default)","reason_code":"material_fallback"}
[2026-04-24 07:35:19] sync.WARNING: AY payload warning PS#74 {"warning":"[reason=default_fallback] Variant 11306-465 required group Multipack (id 1400) satisfied via category_default_table","reason_code":"default_fallback"}
[2026-04-24 07:35:19] sync.WARNING: AY payload warning PS#74 {"warning":"[reason=default_fallback] Variant 11306-465 required group Pattern (id 1429) satisfied via category_default_table","reason_code":"default_fallback"}
[2026-04-24 07:35:19] sync.WARNING: AY payload warning PS#74 {"warning":"[reason=default_fallback] Variant 11306-465 required group Material (id 1430) satisfied via category_default_table","reason_code":"default_fallback"}
[2026-04-24 07:35:19] sync.WARNING: AY payload warning PS#74 {"warning":"[reason=default_fallback] Variant 11306-465 required group Sleeve length (id 1432) satisfied via category_default_table","reason_code":"default_fallback"}
[2026-04-24 07:35:19] sync.WARNING: AY payload warning PS#74 {"warning":"[reason=default_fallback] Variant 11306-465 required group Length (id 1434) satisfied via category_default_table","reason_code":"default_fallback"}
[2026-04-24 07:35:19] sync.WARNING: AY payload warning PS#74 {"warning":"[reason=default_fallback] Variant 11306-465 required group Neckline (id 1435) satisfied via category_default_table","reason_code":"default_fallback"}
[2026-04-24 07:35:19] sync.WARNING: AY payload warning PS#74 {"warning":"[reason=default_fallback] Variant 11306-465 required group Details (id 1459) satisfied via category_default_table","reason_code":"default_fallback"}
[2026-04-24 07:35:19] sync.WARNING: AY payload warning PS#74 {"warning":"[reason=default_fallback] Variant 11306-465 required group Contains non-textile parts of animal origin (id 1469) satisfied via category_default_table","reason_code":"default_fallback"}
[2026-04-24 07:35:19] sync.WARNING: AY payload warning PS#74 {"warning":"[reason=default_fallback] Variant 11306-465 required group Style fit (id 1712) satisfied via category_default_table","reason_code":"default_fallback"}
[2026-04-24 07:35:19] sync.WARNING: AY payload warning PS#74 {"warning":"[reason=default_fallback] Variant 11306-465 required group Type of material (id 1717) satisfied via category_default_table","reason_code":"default_fallback"}
[2026-04-24 07:35:19] sync.WARNING: AY payload warning PS#74 {"warning":"[reason=material_fallback] Variant 11306-465 material_composition_textile uses fallback source (env_default)","reason_code":"material_fallback"}
[2026-04-24 07:35:19] sync.WARNING: AY payload warning PS#74 {"warning":"[reason=default_fallback] Variant 11306-466 required group Multipack (id 1400) satisfied via category_default_table","reason_code":"default_fallback"}
[2026-04-24 07:35:19] sync.WARNING: AY payload warning PS#74 {"warning":"[reason=default_fallback] Variant 11306-466 required group Pattern (id 1429) satisfied via category_default_table","reason_code":"default_fallback"}
[2026-04-24 07:35:19] sync.WARNING: AY payload warning PS#74 {"warning":"[reason=default_fallback] Variant 11306-466 required group Material (id 1430) satisfied via category_default_table","reason_code":"default_fallback"}
[2026-04-24 07:35:19] sync.WARNING: AY payload warning PS#74 {"warning":"[reason=default_fallback] Variant 11306-466 required group Sleeve length (id 1432) satisfied via category_default_table","reason_code":"default_fallback"}
[2026-04-24 07:35:19] sync.WARNING: AY payload warning PS#74 {"warning":"[reason=default_fallback] Variant 11306-466 required group Length (id 1434) satisfied via category_default_table","reason_code":"default_fallback"}
[2026-04-24 07:35:19] sync.WARNING: AY payload warning PS#74 {"warning":"[reason=default_fallback] Variant 11306-466 required group Neckline (id 1435) satisfied via category_default_table","reason_code":"default_fallback"}
[2026-04-24 07:35:19] sync.WARNING: AY payload warning PS#74 {"warning":"[reason=default_fallback] Variant 11306-466 required group Details (id 1459) satisfied via category_default_table","reason_code":"default_fallback"}
[2026-04-24 07:35:19] sync.WARNING: AY payload warning PS#74 {"warning":"[reason=default_fallback] Variant 11306-466 required group Contains non-textile parts of animal origin (id 1469) satisfied via category_default_table","reason_code":"default_fallback"}
[2026-04-24 07:35:19] sync.WARNING: AY payload warning PS#74 {"warning":"[reason=default_fallback] Variant 11306-466 required group Style fit (id 1712) satisfied via category_default_table","reason_code":"default_fallback"}
[2026-04-24 07:35:19] sync.WARNING: AY payload warning PS#74 {"warning":"[reason=default_fallback] Variant 11306-466 required group Type of material (id 1717) satisfied via category_default_table","reason_code":"default_fallback"}
[2026-04-24 07:35:19] sync.WARNING: AY payload warning PS#74 {"warning":"[reason=material_fallback] Variant 11306-466 material_composition_textile uses fallback source (env_default)","reason_code":"material_fallback"}
[2026-04-24 07:35:19] sync.INFO: Preflight passed PS#74 {"elapsed_ms":44,"variant_count":5}
